<?xml version="1.0" encoding="UTF-8"?>
<!-- Generated by org.testng.reporters.JUnitReportReporter -->
<testsuite hostname="DESKTOP-8F9QOOU" failures="0" tests="1" name="com.crm.organisation.Create_Contact_Test" time="24.390" errors="0" timestamp="2022-10-04T23:10:10 IST" skipped="0">
  <testcase classname="com.crm.organisation.Create_Contact_Test" name="Create_Contact_Test" time="24.390"/>
  <system-out/>
</testsuite> <!-- com.crm.organisation.Create_Contact_Test -->
