<?xml version="1.0" encoding="UTF-8"?>
<!-- Generated by org.testng.reporters.JUnitReportReporter -->
<testsuite hostname="DESKTOP-8F9QOOU" failures="0" tests="1" name="com.crm.campaign.Create_Campaign_With_Product_Module_Test" time="35.123" errors="0" timestamp="2022-10-10T14:25:17 IST" skipped="0">
  <testcase classname="com.crm.campaign.Create_Campaign_With_Product_Module_Test" name="create_Campaign_With_Product_Module_Test" time="35.123"/>
  <system-out/>
</testsuite> <!-- com.crm.campaign.Create_Campaign_With_Product_Module_Test -->
