<?xml version="1.0" encoding="UTF-8"?>
<!-- Generated by org.testng.reporters.JUnitReportReporter -->
<testsuite hostname="DESKTOP-8F9QOOU" failures="0" tests="1" name="com.crm.product.Create_Product_Delete_product_M_Test" time="20.065" errors="0" timestamp="2022-10-10T14:25:17 IST" skipped="0">
  <testcase classname="com.crm.product.Create_Product_Delete_product_M_Test" name="create_Product_Delete_product_M_Test" time="20.065"/>
  <system-out/>
</testsuite> <!-- com.crm.product.Create_Product_Delete_product_M_Test -->
