<?xml version="1.0" encoding="UTF-8"?>
<!-- Generated by org.testng.reporters.JUnitReportReporter -->
<testsuite hostname="DESKTOP-8F9QOOU" failures="0" tests="5" name="practice.DataProviderTest" time="0.021" errors="0" timestamp="2022-10-06T20:36:23 IST" skipped="0">
  <testcase classname="practice.DataProviderTest" name="bookTicket" time="0.003"/>
  <system-out/>
  <testcase classname="practice.DataProviderTest" name="bookTicket" time="0.002"/>
  <system-out/>
  <testcase classname="practice.DataProviderTest" name="bookTicket" time="0.011"/>
  <system-out/>
  <testcase classname="practice.DataProviderTest" name="bookTicket" time="0.003"/>
  <system-out/>
  <testcase classname="practice.DataProviderTest" name="bookTicket" time="0.002"/>
  <system-out/>
</testsuite> <!-- practice.DataProviderTest -->
