<?xml version="1.0" encoding="UTF-8"?>
<!-- Generated by org.testng.reporters.JUnitReportReporter -->
<testsuite hostname="DESKTOP-8F9QOOU" failures="0" tests="1" name="com.crm.product.Create_Product_Test" time="23.151" errors="0" timestamp="2022-10-11T21:51:09 IST" skipped="0">
  <testcase classname="com.crm.product.Create_Product_Test" name="create_Product_Test" time="23.151"/>
  <system-out/>
</testsuite> <!-- com.crm.product.Create_Product_Test -->
