<?xml version="1.0" encoding="UTF-8"?>
<!-- Generated by org.testng.reporters.JUnitReportReporter -->
<testsuite hostname="DESKTOP-8F9QOOU" failures="0" tests="1" name="practice.Demo" time="0.023" errors="0" timestamp="2022-10-10T16:04:03 IST" skipped="0">
  <testcase classname="practice.Demo" name="demoTest" time="0.023"/>
  <system-out/>
</testsuite> <!-- practice.Demo -->
