<?xml version="1.0" encoding="UTF-8"?>
<!-- Generated by org.testng.reporters.JUnitReportReporter -->
<testsuite hostname="DESKTOP-8F9QOOU" failures="0" tests="1" name="practice.Create_Parameter_Test" time="15.905" errors="0" timestamp="2022-10-11T11:12:18 IST" skipped="0">
  <testcase classname="practice.Create_Parameter_Test" name="mavenTest" time="15.905"/>
  <system-out/>
</testsuite> <!-- practice.Create_Parameter_Test -->
