<?xml version="1.0" encoding="UTF-8"?>
<!-- Generated by org.testng.reporters.JUnitReportReporter -->
<testsuite hostname="DESKTOP-8F9QOOU" failures="0" tests="1" name="practice.DataProvider" time="0.000" errors="0" timestamp="2022-10-06T18:35:52 IST" skipped="1">
  <testcase classname="practice.DataProvider" name="bookTicket" time="0.000">
    <skipped/>
  </testcase> <!-- bookTicket -->
  <system-out/>
</testsuite> <!-- practice.DataProvider -->
