<?xml version="1.0" encoding="UTF-8"?>
<!-- Generated by org.testng.reporters.JUnitReportReporter -->
<testsuite hostname="DESKTOP-8F9QOOU" failures="0" tests="1" name="practice.Run_Parameter" time="30.304" errors="0" timestamp="2022-10-11T10:45:00 IST" skipped="0">
  <testcase classname="practice.Run_Parameter" name="runMavenParameter" time="30.304"/>
  <system-out/>
</testsuite> <!-- practice.Run_Parameter -->
