<?xml version="1.0" encoding="UTF-8"?>
<!-- Generated by org.testng.reporters.JUnitReportReporter -->
<testsuite hostname="DESKTOP-8F9QOOU" failures="0" tests="3" name="practice.Data_Provider" time="88.627" errors="0" timestamp="2022-10-14T11:35:04 IST" skipped="0">
  <testcase classname="practice.Data_Provider" name="contactDetails" time="32.552"/>
  <system-out/>
  <testcase classname="practice.Data_Provider" name="contactDetails" time="25.913"/>
  <system-out/>
  <testcase classname="practice.Data_Provider" name="contactDetails" time="30.162"/>
  <system-out/>
</testsuite> <!-- practice.Data_Provider -->
