<?xml version="1.0" encoding="UTF-8"?>
<!-- Generated by org.testng.reporters.JUnitReportReporter -->
<testsuite hostname="DESKTOP-8F9QOOU" failures="0" tests="1" name="com.crm.vendor.Create_Vender_Test" time="42.860" errors="0" timestamp="2022-10-06T10:03:31 IST" skipped="0">
  <testcase classname="com.crm.vendor.Create_Vender_Test" name="Create_Vender_Test" time="42.860"/>
  <system-out/>
</testsuite> <!-- com.crm.vendor.Create_Vender_Test -->
