<?xml version="1.0" encoding="UTF-8"?>
<!-- Generated by org.testng.reporters.JUnitReportReporter -->
<testsuite hostname="DESKTOP-8F9QOOU" failures="0" tests="1" name="com.crm.organisation.Create_Organisation_Module_Test" time="21.480" errors="0" timestamp="2022-10-10T14:25:17 IST" skipped="0">
  <testcase classname="com.crm.organisation.Create_Organisation_Module_Test" name="create_Organisation_Module_Test" time="21.480"/>
  <system-out/>
</testsuite> <!-- com.crm.organisation.Create_Organisation_Module_Test -->
