<?xml version="1.0" encoding="UTF-8"?>
<!-- Generated by org.testng.reporters.JUnitReportReporter -->
<testsuite hostname="DESKTOP-8F9QOOU" failures="0" tests="1" name="com.crm.contact.Create_Contact_Test" time="34.257" errors="0" timestamp="2022-10-17T14:09:25 IST" skipped="0">
  <testcase classname="com.crm.contact.Create_Contact_Test" name="Create_Contact_Test" time="34.257"/>
  <system-out/>
</testsuite> <!-- com.crm.contact.Create_Contact_Test -->
